================================================================================
JobID = 4857976
User = bzkurs47, Account = bzkurs47
Partition = grete:shared, Nodelist = ggpu02
================================================================================
Submitting job with sbatch from directory: /home/bzkurs47/minbert-default-final-project
Home directory: /home/bzkurs47
Working directory: /home/bzkurs47/minbert-default-final-project
Current node: ggpu02
Loaded 8544 train examples from data/ids-sst-train.csv
Loaded 141498 train examples from data/quora-train.csv
Loaded 6040 train examples from data/sts-train.csv
Loaded 1101 train examples from data/ids-sst-dev.csv
Loaded 20212 train examples from data/quora-dev.csv
Loaded 863 train examples from data/sts-dev.csv
Epoch 0 [SST]: train loss :: 1.529, train acc :: 0.260, dev acc :: 0.262
Epoch 0 [STS]: train loss :: 3.255, train corr :: 0.220, dev corr :: 0.212
save the model to finetune-10-1e-05-multitask.pt
Epoch 1 [SST]: train loss :: 1.533, train acc :: 0.260, dev acc :: 0.262
Epoch 1 [STS]: train loss :: 2.104, train corr :: 0.370, dev corr :: 0.328
save the model to finetune-10-1e-05-multitask.pt
Epoch 2 [SST]: train loss :: 1.596, train acc :: 0.260, dev acc :: 0.262
Epoch 2 [STS]: train loss :: 1.899, train corr :: 0.513, dev corr :: 0.361
save the model to finetune-10-1e-05-multitask.pt
Epoch 3 [SST]: train loss :: 1.561, train acc :: 0.433, dev acc :: 0.396
Epoch 3 [STS]: train loss :: 1.651, train corr :: 0.694, dev corr :: 0.376
save the model to finetune-10-1e-05-multitask.pt
Epoch 4 [SST]: train loss :: 1.457, train acc :: 0.382, dev acc :: 0.377
Epoch 4 [STS]: train loss :: 1.327, train corr :: 0.783, dev corr :: 0.361
Epoch 5 [SST]: train loss :: 1.413, train acc :: 0.457, dev acc :: 0.423
Epoch 5 [STS]: train loss :: 1.037, train corr :: 0.854, dev corr :: 0.328
Epoch 6 [SST]: train loss :: 1.383, train acc :: 0.529, dev acc :: 0.462
Epoch 6 [STS]: train loss :: 0.787, train corr :: 0.889, dev corr :: 0.321
Epoch 7 [SST]: train loss :: 1.357, train acc :: 0.564, dev acc :: 0.471
Epoch 7 [STS]: train loss :: 0.640, train corr :: 0.908, dev corr :: 0.330
Epoch 8 [SST]: train loss :: 1.338, train acc :: 0.589, dev acc :: 0.478
Epoch 8 [STS]: train loss :: 0.535, train corr :: 0.918, dev corr :: 0.328
Epoch 9 [SST]: train loss :: 1.318, train acc :: 0.622, dev acc :: 0.466
Epoch 9 [STS]: train loss :: 0.473, train corr :: 0.934, dev corr :: 0.307
Loaded model to test from finetune-10-1e-05-multitask.pt
Loaded 2210 test examples from data/ids-sst-test-student.csv
Loaded 40429 test examples from data/quora-test-student.csv
Loaded 1379 test examples from data/sts-test-student.csv
Loaded 1101 dev examples from data/ids-sst-dev.csv
Loaded 20212 dev examples from data/quora-dev.csv
Loaded 863 dev examples from data/sts-dev.csv
Paraphrase detection accuracy: 0.375
Sentiment classification accuracy: 0.396
Semantic Textual Similarity correlation: 0.376
dev sentiment acc :: 0.396
dev paraphrase acc :: 0.375
dev sts corr :: 0.376
============ Job Information ===================================================
Submitted: 2023-08-22T20:23:24
Started: 2023-08-22T20:23:38
Ended: 2023-08-22T21:00:12
Elapsed: 37 min, Limit: 120 min, Difference: 83 min
CPUs: 4, Nodes: 1
Estimated NPL: ================================================================================
